[2005/10/29 15:27:39]
VC++ __active_heap = 1
HeapQueryInformation=1
GetProcessAffinityMask=0x00000001
tryLock supported

Reading ini file...
CmdLine ''
Creating 'update' directory...
Loading _update.dat: attempt 1 of 5
Downloading 'http://update.pokerstars.com/galaxy.gz/_update.dat'...
Finding host...
Contacting host...
[2005/10/29 15:27:40]
Connected, waiting for reply...
'http://update.pokerstars.com/galaxy.gz/_update.dat' loaded Ok
Verifying [files] signature...
Testing signature vs key #0
Signature vs key #0 Ok
File 'PokerStarsUpdate.exe': self update required
File 'PokerStarsUpdate.exe': update required
[2005/10/29 15:27:43]
Creating 'updateself' directory...
Clearing 'updateself' directory...
Loading file 'PokerStarsUpdate.exe': attempt 1 of 3...
Downloading 'http://update.pokerstars.com/galaxy.gz/PokerStarsUpdate.exe'...
Finding host...
Contacting host...
Connected, waiting for reply...
[2005/10/29 15:27:44]
File 'PokerStarsUpdate.exe': loaded Ok
updateself files loaded Ok
